[1.168s] Invoking command in '/home/elias/git/robotics-minor/build/alignment': PYTHONPATH=/home/elias/git/robotics-minor/build/alignment/prefix_override:/usr/lib/python3/dist-packages/colcon_core/task/python/colcon_distutils_commands:/home/elias/git/robotics-minor/install/alignment/lib/python3.12/site-packages:${PYTHONPATH} /usr/bin/python3 -W ignore:setup.py install is deprecated setup.py develop --editable --build-directory /home/elias/git/robotics-minor/build/alignment/build --no-deps symlink_data
[1.622s] running develop
[1.622s] /usr/lib/python3/dist-packages/setuptools/command/develop.py:40: EasyInstallDeprecationWarning: easy_install command is deprecated.
[1.622s] !!
[1.623s] 
[1.623s]         ********************************************************************************
[1.623s]         Please avoid running ``setup.py`` and ``easy_install``.
[1.623s]         Instead, use pypa/build, pypa/installer or other
[1.623s]         standards-based tools.
[1.623s] 
[1.623s]         See https://github.com/pypa/setuptools/issues/917 for details.
[1.624s]         ********************************************************************************
[1.624s] 
[1.624s] !!
[1.624s]   easy_install.initialize_options(self)
[1.868s] /usr/lib/python3/dist-packages/setuptools/command/easy_install.py:363: UserWarning: Unbuilt egg for pytest-repeat [unknown version] (/usr/lib/python3/dist-packages)
[1.868s]   self.local_index = Environment(self.shadow_path + sys.path)
[1.919s] running egg_info
[1.947s] writing alignment.egg-info/PKG-INFO
[1.948s] writing dependency_links to alignment.egg-info/dependency_links.txt
[1.948s] writing entry points to alignment.egg-info/entry_points.txt
[1.949s] writing requirements to alignment.egg-info/requires.txt
[1.949s] writing top-level names to alignment.egg-info/top_level.txt
[2.008s] reading manifest file 'alignment.egg-info/SOURCES.txt'
[2.009s] writing manifest file 'alignment.egg-info/SOURCES.txt'
[2.040s] running build_ext
[2.041s] Creating /home/elias/git/robotics-minor/install/alignment/lib/python3.12/site-packages/alignment.egg-link (link to .)
[2.042s] Installing is_aligned_node script to /home/elias/git/robotics-minor/install/alignment/lib/alignment
[2.042s] Installing motor_control_node script to /home/elias/git/robotics-minor/install/alignment/lib/alignment
[2.042s] Installing obstacle_detection_node script to /home/elias/git/robotics-minor/install/alignment/lib/alignment
[2.043s] 
[2.043s] Installed /home/elias/git/robotics-minor/build/alignment
[2.043s] running symlink_data
[2.097s] Invoked command in '/home/elias/git/robotics-minor/build/alignment' returned '0': PYTHONPATH=/home/elias/git/robotics-minor/build/alignment/prefix_override:/usr/lib/python3/dist-packages/colcon_core/task/python/colcon_distutils_commands:/home/elias/git/robotics-minor/install/alignment/lib/python3.12/site-packages:${PYTHONPATH} /usr/bin/python3 -W ignore:setup.py install is deprecated setup.py develop --editable --build-directory /home/elias/git/robotics-minor/build/alignment/build --no-deps symlink_data
