[1.156s] Invoking command in '/home/elias/git/robotics-minor/build/alignment': PYTHONPATH=/home/elias/git/robotics-minor/build/alignment/prefix_override:/usr/lib/python3/dist-packages/colcon_core/task/python/colcon_distutils_commands:/home/elias/git/robotics-minor/install/alignment/lib/python3.12/site-packages:${PYTHONPATH} /usr/bin/python3 -W ignore:setup.py install is deprecated setup.py develop --editable --build-directory /home/elias/git/robotics-minor/build/alignment/build --no-deps symlink_data
[1.612s] running develop
[1.612s] /usr/lib/python3/dist-packages/setuptools/command/develop.py:40: EasyInstallDeprecationWarning: easy_install command is deprecated.
[1.613s] !!
[1.613s] 
[1.613s]         ********************************************************************************
[1.613s]         Please avoid running ``setup.py`` and ``easy_install``.
[1.613s]         Instead, use pypa/build, pypa/installer or other
[1.613s]         standards-based tools.
[1.614s] 
[1.614s]         See https://github.com/pypa/setuptools/issues/917 for details.
[1.614s]         ********************************************************************************
[1.614s] 
[1.614s] !!
[1.614s]   easy_install.initialize_options(self)
[1.854s] /usr/lib/python3/dist-packages/setuptools/command/easy_install.py:363: UserWarning: Unbuilt egg for pytest-repeat [unknown version] (/usr/lib/python3/dist-packages)
[1.854s]   self.local_index = Environment(self.shadow_path + sys.path)
[1.903s] running egg_info
[1.933s] writing alignment.egg-info/PKG-INFO
[1.933s] writing dependency_links to alignment.egg-info/dependency_links.txt
[1.934s] writing entry points to alignment.egg-info/entry_points.txt
[1.934s] writing requirements to alignment.egg-info/requires.txt
[1.935s] writing top-level names to alignment.egg-info/top_level.txt
[1.992s] reading manifest file 'alignment.egg-info/SOURCES.txt'
[1.993s] writing manifest file 'alignment.egg-info/SOURCES.txt'
[2.023s] running build_ext
[2.024s] Creating /home/elias/git/robotics-minor/install/alignment/lib/python3.12/site-packages/alignment.egg-link (link to .)
[2.025s] Installing is_aligned_node script to /home/elias/git/robotics-minor/install/alignment/lib/alignment
[2.026s] Installing motor_control_node script to /home/elias/git/robotics-minor/install/alignment/lib/alignment
[2.026s] Installing obstacle_detection_node script to /home/elias/git/robotics-minor/install/alignment/lib/alignment
[2.027s] 
[2.027s] Installed /home/elias/git/robotics-minor/build/alignment
[2.028s] running symlink_data
[2.079s] Invoked command in '/home/elias/git/robotics-minor/build/alignment' returned '0': PYTHONPATH=/home/elias/git/robotics-minor/build/alignment/prefix_override:/usr/lib/python3/dist-packages/colcon_core/task/python/colcon_distutils_commands:/home/elias/git/robotics-minor/install/alignment/lib/python3.12/site-packages:${PYTHONPATH} /usr/bin/python3 -W ignore:setup.py install is deprecated setup.py develop --editable --build-directory /home/elias/git/robotics-minor/build/alignment/build --no-deps symlink_data
