[0.013s] Invoking command in '/home/elias/git/robotics-minor/build/robot_model': /usr/bin/cmake /home/elias/git/robotics-minor/src/robot_model -DCMAKE_INSTALL_PREFIX=/home/elias/git/robotics-minor/install/robot_model
[0.439s] [0mCMake Deprecation Warning at CMakeLists.txt:1 (cmake_minimum_required):
[0.440s]   Compatibility with CMake < 3.5 will be removed from a future version of
[0.440s]   CMake.
[0.440s] 
[0.442s]   Update the VERSION argument <min> value or use a ...<max> suffix to tell
[0.442s]   CMake that the project does not need compatibility with older versions.
[0.443s] 
[0.443s] [0m
[0.525s] -- The C compiler identification is GNU 13.2.0
[1.459s] -- The CXX compiler identification is GNU 13.2.0
[2.140s] -- Detecting C compiler ABI info
[2.464s] -- Detecting C compiler ABI info - done
[2.482s] -- Check for working C compiler: /usr/bin/cc - skipped
[2.482s] -- Detecting C compile features
[2.484s] -- Detecting C compile features - done
[2.579s] -- Detecting CXX compiler ABI info
[2.878s] -- Detecting CXX compiler ABI info - done
[2.896s] -- Check for working CXX compiler: /usr/bin/c++ - skipped
[2.896s] -- Detecting CXX compile features
[2.898s] -- Detecting CXX compile features - done
[4.132s] [31mCMake Error at CMakeLists.txt:4 (find_package):
[4.133s]   By not providing "Findcatkin.cmake" in CMAKE_MODULE_PATH this project has
[4.133s]   asked CMake to find a package configuration file provided by "catkin", but
[4.133s]   CMake did not find one.
[4.134s] 
[4.134s]   Could not find a package configuration file provided by "catkin" with any
[4.134s]   of the following names:
[4.135s] 
[4.135s]     catkinConfig.cmake
[4.135s]     catkin-config.cmake
[4.135s] 
[4.136s]   Add the installation prefix of "catkin" to CMAKE_PREFIX_PATH or set
[4.136s]   "catkin_DIR" to a directory containing one of the above files.  If "catkin"
[4.136s]   provides a separate development package or SDK, be sure it has been
[4.136s]   installed.
[4.136s] 
[4.136s] [0m
[4.136s] -- Configuring incomplete, errors occurred!
[4.139s] Invoked command in '/home/elias/git/robotics-minor/build/robot_model' returned '1': /usr/bin/cmake /home/elias/git/robotics-minor/src/robot_model -DCMAKE_INSTALL_PREFIX=/home/elias/git/robotics-minor/install/robot_model
