[2.061s] Invoking command in '/home/elias/git/robotics-minor/build/alignment': PYTHONPATH=/home/elias/git/robotics-minor/build/alignment/prefix_override:/usr/lib/python3/dist-packages/colcon_core/task/python/colcon_distutils_commands:/home/elias/git/robotics-minor/install/alignment/lib/python3.12/site-packages:${PYTHONPATH} /usr/bin/python3 -W ignore:setup.py install is deprecated setup.py develop --editable --build-directory /home/elias/git/robotics-minor/build/alignment/build --no-deps symlink_data
[2.773s] running develop
[2.775s] /usr/lib/python3/dist-packages/setuptools/command/develop.py:40: EasyInstallDeprecationWarning: easy_install command is deprecated.
[2.775s] !!
[2.775s] 
[2.776s]         ********************************************************************************
[2.776s]         Please avoid running ``setup.py`` and ``easy_install``.
[2.776s]         Instead, use pypa/build, pypa/installer or other
[2.776s]         standards-based tools.
[2.777s] 
[2.777s]         See https://github.com/pypa/setuptools/issues/917 for details.
[2.777s]         ********************************************************************************
[2.777s] 
[2.777s] !!
[2.777s]   easy_install.initialize_options(self)
[3.243s] /usr/lib/python3/dist-packages/setuptools/command/easy_install.py:363: UserWarning: Unbuilt egg for pytest-repeat [unknown version] (/usr/lib/python3/dist-packages)
[3.244s]   self.local_index = Environment(self.shadow_path + sys.path)
[3.330s] running egg_info
[3.386s] writing alignment.egg-info/PKG-INFO
[3.386s] writing dependency_links to alignment.egg-info/dependency_links.txt
[3.387s] writing entry points to alignment.egg-info/entry_points.txt
[3.387s] writing requirements to alignment.egg-info/requires.txt
[3.388s] writing top-level names to alignment.egg-info/top_level.txt
[3.499s] reading manifest file 'alignment.egg-info/SOURCES.txt'
[3.503s] writing manifest file 'alignment.egg-info/SOURCES.txt'
[3.562s] running build_ext
[3.563s] Creating /home/elias/git/robotics-minor/install/alignment/lib/python3.12/site-packages/alignment.egg-link (link to .)
[3.564s] Installing is_aligned_node script to /home/elias/git/robotics-minor/install/alignment/lib/alignment
[3.565s] Installing motor_control_node script to /home/elias/git/robotics-minor/install/alignment/lib/alignment
[3.565s] Installing obstacle_detection_node script to /home/elias/git/robotics-minor/install/alignment/lib/alignment
[3.566s] 
[3.566s] Installed /home/elias/git/robotics-minor/build/alignment
[3.566s] running symlink_data
