running develop
running egg_info
creating usb_cam_launch_pkg.egg-info
writing usb_cam_launch_pkg.egg-info/PKG-INFO
writing dependency_links to usb_cam_launch_pkg.egg-info/dependency_links.txt
writing requirements to usb_cam_launch_pkg.egg-info/requires.txt
writing top-level names to usb_cam_launch_pkg.egg-info/top_level.txt
writing manifest file 'usb_cam_launch_pkg.egg-info/SOURCES.txt'
reading manifest file 'usb_cam_launch_pkg.egg-info/SOURCES.txt'
writing manifest file 'usb_cam_launch_pkg.egg-info/SOURCES.txt'
running build_ext
Creating /home/robot/greenline/install/usb_cam_launch_pkg/lib/python3.12/site-packages/usb-cam-launch-pkg.egg-link (link to .)

Installed /home/robot/greenline/build/usb_cam_launch_pkg
running symlink_data
creating /home/robot/greenline/install/usb_cam_launch_pkg/share/ament_index
creating /home/robot/greenline/install/usb_cam_launch_pkg/share/ament_index/resource_index
creating /home/robot/greenline/install/usb_cam_launch_pkg/share/ament_index/resource_index/packages
symbolically linking /home/robot/greenline/build/usb_cam_launch_pkg/resource/usb_cam_launch_pkg -> /home/robot/greenline/install/usb_cam_launch_pkg/share/ament_index/resource_index/packages
symbolically linking /home/robot/greenline/build/usb_cam_launch_pkg/package.xml -> /home/robot/greenline/install/usb_cam_launch_pkg/share/usb_cam_launch_pkg
creating /home/robot/greenline/install/usb_cam_launch_pkg/share/usb_cam_launch_pkg/launch
symbolically linking /home/robot/greenline/build/usb_cam_launch_pkg/launch/usb_cam_launch.py -> /home/robot/greenline/install/usb_cam_launch_pkg/share/usb_cam_launch_pkg/launch
