[1.467s] Invoking command in '/home/robot/greenline/build/usb_cam_launch_pkg': PYTHONPATH=/home/robot/greenline/build/usb_cam_launch_pkg/prefix_override:/usr/lib/python3/dist-packages/colcon_core/task/python/colcon_distutils_commands:/home/robot/greenline/install/usb_cam_launch_pkg/lib/python3.12/site-packages:${PYTHONPATH} /usr/bin/python3 -W ignore:setup.py install is deprecated setup.py develop --editable --build-directory /home/robot/greenline/build/usb_cam_launch_pkg/build --no-deps symlink_data
[1.886s] running develop
[1.886s] /usr/lib/python3/dist-packages/setuptools/command/develop.py:40: EasyInstallDeprecationWarning: easy_install command is deprecated.
[1.887s] !!
[1.887s] 
[1.887s]         ********************************************************************************
[1.887s]         Please avoid running ``setup.py`` and ``easy_install``.
[1.887s]         Instead, use pypa/build, pypa/installer or other
[1.888s]         standards-based tools.
[1.888s] 
[1.888s]         See https://github.com/pypa/setuptools/issues/917 for details.
[1.888s]         ********************************************************************************
[1.888s] 
[1.888s] !!
[1.888s]   easy_install.initialize_options(self)
[2.092s] running egg_info
[2.092s] creating usb_cam_launch_pkg.egg-info
[2.108s] writing usb_cam_launch_pkg.egg-info/PKG-INFO
[2.108s] writing dependency_links to usb_cam_launch_pkg.egg-info/dependency_links.txt
[2.109s] writing requirements to usb_cam_launch_pkg.egg-info/requires.txt
[2.109s] writing top-level names to usb_cam_launch_pkg.egg-info/top_level.txt
[2.109s] writing manifest file 'usb_cam_launch_pkg.egg-info/SOURCES.txt'
[2.149s] reading manifest file 'usb_cam_launch_pkg.egg-info/SOURCES.txt'
[2.149s] writing manifest file 'usb_cam_launch_pkg.egg-info/SOURCES.txt'
[2.173s] running build_ext
[2.173s] Creating /home/robot/greenline/install/usb_cam_launch_pkg/lib/python3.12/site-packages/usb-cam-launch-pkg.egg-link (link to .)
[2.173s] 
[2.173s] Installed /home/robot/greenline/build/usb_cam_launch_pkg
[2.174s] running symlink_data
[2.174s] creating /home/robot/greenline/install/usb_cam_launch_pkg/share/ament_index
[2.174s] creating /home/robot/greenline/install/usb_cam_launch_pkg/share/ament_index/resource_index
[2.174s] creating /home/robot/greenline/install/usb_cam_launch_pkg/share/ament_index/resource_index/packages
[2.175s] symbolically linking /home/robot/greenline/build/usb_cam_launch_pkg/resource/usb_cam_launch_pkg -> /home/robot/greenline/install/usb_cam_launch_pkg/share/ament_index/resource_index/packages
[2.175s] symbolically linking /home/robot/greenline/build/usb_cam_launch_pkg/package.xml -> /home/robot/greenline/install/usb_cam_launch_pkg/share/usb_cam_launch_pkg
[2.175s] creating /home/robot/greenline/install/usb_cam_launch_pkg/share/usb_cam_launch_pkg/launch
[2.175s] symbolically linking /home/robot/greenline/build/usb_cam_launch_pkg/launch/usb_cam_launch.py -> /home/robot/greenline/install/usb_cam_launch_pkg/share/usb_cam_launch_pkg/launch
[2.323s] Invoked command in '/home/robot/greenline/build/usb_cam_launch_pkg' returned '0': PYTHONPATH=/home/robot/greenline/build/usb_cam_launch_pkg/prefix_override:/usr/lib/python3/dist-packages/colcon_core/task/python/colcon_distutils_commands:/home/robot/greenline/install/usb_cam_launch_pkg/lib/python3.12/site-packages:${PYTHONPATH} /usr/bin/python3 -W ignore:setup.py install is deprecated setup.py develop --editable --build-directory /home/robot/greenline/build/usb_cam_launch_pkg/build --no-deps symlink_data
