running develop
/usr/lib/python3/dist-packages/setuptools/command/develop.py:40: EasyInstallDeprecationWarning: easy_install command is deprecated.
!!

        ********************************************************************************
        Please avoid running ``setup.py`` and ``easy_install``.
        Instead, use pypa/build, pypa/installer or other
        standards-based tools.

        See https://github.com/pypa/setuptools/issues/917 for details.
        ********************************************************************************

!!
  easy_install.initialize_options(self)
running egg_info
creating alignment.egg-info
writing alignment.egg-info/PKG-INFO
writing dependency_links to alignment.egg-info/dependency_links.txt
writing entry points to alignment.egg-info/entry_points.txt
writing requirements to alignment.egg-info/requires.txt
writing top-level names to alignment.egg-info/top_level.txt
writing manifest file 'alignment.egg-info/SOURCES.txt'
reading manifest file 'alignment.egg-info/SOURCES.txt'
writing manifest file 'alignment.egg-info/SOURCES.txt'
running build_ext
Creating /home/robot/greenline/install/alignment/lib/python3.12/site-packages/alignment.egg-link (link to .)
Installing is_aligned_node script to /home/robot/greenline/install/alignment/lib/alignment
Installing motor_control_node script to /home/robot/greenline/install/alignment/lib/alignment

Installed /home/robot/greenline/build/alignment
running symlink_data
creating /home/robot/greenline/install/alignment/share/ament_index
creating /home/robot/greenline/install/alignment/share/ament_index/resource_index
creating /home/robot/greenline/install/alignment/share/ament_index/resource_index/packages
symbolically linking /home/robot/greenline/build/alignment/resource/alignment -> /home/robot/greenline/install/alignment/share/ament_index/resource_index/packages
symbolically linking /home/robot/greenline/build/alignment/package.xml -> /home/robot/greenline/install/alignment/share/alignment
