[2.039s] Invoking command in '/home/robot/greenline/build/alignment': PYTHONPATH=/home/robot/greenline/build/alignment/prefix_override:/usr/lib/python3/dist-packages/colcon_core/task/python/colcon_distutils_commands:/home/robot/greenline/install/alignment/lib/python3.12/site-packages:${PYTHONPATH} /usr/bin/python3 -W ignore:setup.py install is deprecated setup.py develop --editable --build-directory /home/robot/greenline/build/alignment/build --no-deps symlink_data
[2.424s] running develop
[2.425s] /usr/lib/python3/dist-packages/setuptools/command/develop.py:40: EasyInstallDeprecationWarning: easy_install command is deprecated.
[2.425s] !!
[2.425s] 
[2.425s]         ********************************************************************************
[2.425s]         Please avoid running ``setup.py`` and ``easy_install``.
[2.425s]         Instead, use pypa/build, pypa/installer or other
[2.425s]         standards-based tools.
[2.425s] 
[2.426s]         See https://github.com/pypa/setuptools/issues/917 for details.
[2.426s]         ********************************************************************************
[2.426s] 
[2.426s] !!
[2.426s]   easy_install.initialize_options(self)
[2.619s] running egg_info
[2.637s] writing alignment.egg-info/PKG-INFO
[2.638s] writing dependency_links to alignment.egg-info/dependency_links.txt
[2.639s] writing entry points to alignment.egg-info/entry_points.txt
[2.641s] writing requirements to alignment.egg-info/requires.txt
[2.643s] writing top-level names to alignment.egg-info/top_level.txt
[2.682s] reading manifest file 'alignment.egg-info/SOURCES.txt'
[2.684s] writing manifest file 'alignment.egg-info/SOURCES.txt'
[2.706s] running build_ext
[2.707s] Creating /home/robot/greenline/install/alignment/lib/python3.12/site-packages/alignment.egg-link (link to .)
[2.708s] Installing is_aligned_node script to /home/robot/greenline/install/alignment/lib/alignment
[2.709s] Installing motor_control_node script to /home/robot/greenline/install/alignment/lib/alignment
[2.709s] 
[2.709s] Installed /home/robot/greenline/build/alignment
[2.709s] running symlink_data
[2.830s] Invoked command in '/home/robot/greenline/build/alignment' returned '0': PYTHONPATH=/home/robot/greenline/build/alignment/prefix_override:/usr/lib/python3/dist-packages/colcon_core/task/python/colcon_distutils_commands:/home/robot/greenline/install/alignment/lib/python3.12/site-packages:${PYTHONPATH} /usr/bin/python3 -W ignore:setup.py install is deprecated setup.py develop --editable --build-directory /home/robot/greenline/build/alignment/build --no-deps symlink_data
