[0.763s] DEBUG:colcon:Command line arguments: ['/usr/bin/colcon', 'build', '--symlink-install']
[0.763s] DEBUG:colcon:Parsed command line arguments: Namespace(log_base=None, log_level=None, verb_name='build', build_base='build', install_base='install', merge_install=False, symlink_install=True, test_result_base=None, continue_on_error=False, executor='parallel', parallel_workers=4, event_handlers=None, ignore_user_meta=False, metas=['./colcon.meta'], base_paths=['.'], packages_ignore=None, packages_ignore_regex=None, paths=None, packages_up_to=None, packages_up_to_regex=None, packages_above=None, packages_above_and_dependencies=None, packages_above_depth=None, packages_select_by_dep=None, packages_skip_by_dep=None, packages_skip_up_to=None, packages_select_build_failed=False, packages_skip_build_finished=False, packages_select_test_failures=False, packages_skip_test_passed=False, packages_select=None, packages_skip=None, packages_select_regex=None, packages_skip_regex=None, packages_start=None, packages_end=None, cmake_args=None, cmake_target=None, cmake_target_skip_unavailable=False, cmake_clean_cache=False, cmake_clean_first=False, cmake_force_configure=False, ament_cmake_args=None, catkin_cmake_args=None, catkin_skip_building_tests=False, verb_parser=<colcon_defaults.argument_parser.defaults.DefaultArgumentsDecorator object at 0xffff88ae27e0>, verb_extension=<colcon_core.verb.build.BuildVerb object at 0xffff88a0d970>, main=<bound method BuildVerb.main of <colcon_core.verb.build.BuildVerb object at 0xffff88a0d970>>)
[1.013s] Level 1:colcon.colcon_core.package_discovery:discover_packages(colcon_meta) check parameters
[1.014s] Level 1:colcon.colcon_core.package_discovery:discover_packages(recursive) check parameters
[1.014s] Level 1:colcon.colcon_core.package_discovery:discover_packages(ignore) check parameters
[1.014s] Level 1:colcon.colcon_core.package_discovery:discover_packages(path) check parameters
[1.014s] Level 1:colcon.colcon_core.package_discovery:discover_packages(colcon_meta) discover
[1.014s] Level 1:colcon.colcon_core.package_discovery:discover_packages(recursive) discover
[1.015s] INFO:colcon.colcon_core.package_discovery:Crawling recursively for packages in '/home/robot/greenline'
[1.015s] Level 1:colcon.colcon_core.package_identification:_identify(.) by extensions ['ignore', 'ignore_ament_install']
[1.015s] Level 1:colcon.colcon_core.package_identification:_identify(.) by extension 'ignore'
[1.015s] Level 1:colcon.colcon_core.package_identification:_identify(.) by extension 'ignore_ament_install'
[1.015s] Level 1:colcon.colcon_core.package_identification:_identify(.) by extensions ['colcon_pkg']
[1.015s] Level 1:colcon.colcon_core.package_identification:_identify(.) by extension 'colcon_pkg'
[1.015s] Level 1:colcon.colcon_core.package_identification:_identify(.) by extensions ['colcon_meta']
[1.015s] Level 1:colcon.colcon_core.package_identification:_identify(.) by extension 'colcon_meta'
[1.015s] Level 1:colcon.colcon_core.package_identification:_identify(.) by extensions ['ros']
[1.015s] Level 1:colcon.colcon_core.package_identification:_identify(.) by extension 'ros'
[1.115s] Level 1:colcon.colcon_core.package_identification:_identify(.) by extensions ['cmake', 'python']
[1.115s] Level 1:colcon.colcon_core.package_identification:_identify(.) by extension 'cmake'
[1.115s] Level 1:colcon.colcon_core.package_identification:_identify(.) by extension 'python'
[1.115s] Level 1:colcon.colcon_core.package_identification:_identify(.) by extensions ['python_setup_py']
[1.115s] Level 1:colcon.colcon_core.package_identification:_identify(.) by extension 'python_setup_py'
[1.115s] Level 1:colcon.colcon_core.package_identification:_identify(build) by extensions ['ignore', 'ignore_ament_install']
[1.116s] Level 1:colcon.colcon_core.package_identification:_identify(build) by extension 'ignore'
[1.116s] Level 1:colcon.colcon_core.package_identification:_identify(build) ignored
[1.116s] Level 1:colcon.colcon_core.package_identification:_identify(install) by extensions ['ignore', 'ignore_ament_install']
[1.116s] Level 1:colcon.colcon_core.package_identification:_identify(install) by extension 'ignore'
[1.116s] Level 1:colcon.colcon_core.package_identification:_identify(install) ignored
[1.116s] Level 1:colcon.colcon_core.package_identification:_identify(log) by extensions ['ignore', 'ignore_ament_install']
[1.116s] Level 1:colcon.colcon_core.package_identification:_identify(log) by extension 'ignore'
[1.116s] Level 1:colcon.colcon_core.package_identification:_identify(log) ignored
[1.116s] Level 1:colcon.colcon_core.package_identification:_identify(src) by extensions ['ignore', 'ignore_ament_install']
[1.116s] Level 1:colcon.colcon_core.package_identification:_identify(src) by extension 'ignore'
[1.117s] Level 1:colcon.colcon_core.package_identification:_identify(src) by extension 'ignore_ament_install'
[1.117s] Level 1:colcon.colcon_core.package_identification:_identify(src) by extensions ['colcon_pkg']
[1.117s] Level 1:colcon.colcon_core.package_identification:_identify(src) by extension 'colcon_pkg'
[1.117s] Level 1:colcon.colcon_core.package_identification:_identify(src) by extensions ['colcon_meta']
[1.117s] Level 1:colcon.colcon_core.package_identification:_identify(src) by extension 'colcon_meta'
[1.117s] Level 1:colcon.colcon_core.package_identification:_identify(src) by extensions ['ros']
[1.117s] Level 1:colcon.colcon_core.package_identification:_identify(src) by extension 'ros'
[1.117s] Level 1:colcon.colcon_core.package_identification:_identify(src) by extensions ['cmake', 'python']
[1.117s] Level 1:colcon.colcon_core.package_identification:_identify(src) by extension 'cmake'
[1.117s] Level 1:colcon.colcon_core.package_identification:_identify(src) by extension 'python'
[1.117s] Level 1:colcon.colcon_core.package_identification:_identify(src) by extensions ['python_setup_py']
[1.117s] Level 1:colcon.colcon_core.package_identification:_identify(src) by extension 'python_setup_py'
[1.117s] Level 1:colcon.colcon_core.package_identification:_identify(src/alignment) by extensions ['ignore', 'ignore_ament_install']
[1.117s] Level 1:colcon.colcon_core.package_identification:_identify(src/alignment) by extension 'ignore'
[1.117s] Level 1:colcon.colcon_core.package_identification:_identify(src/alignment) by extension 'ignore_ament_install'
[1.118s] Level 1:colcon.colcon_core.package_identification:_identify(src/alignment) by extensions ['colcon_pkg']
[1.118s] Level 1:colcon.colcon_core.package_identification:_identify(src/alignment) by extension 'colcon_pkg'
[1.118s] Level 1:colcon.colcon_core.package_identification:_identify(src/alignment) by extensions ['colcon_meta']
[1.118s] Level 1:colcon.colcon_core.package_identification:_identify(src/alignment) by extension 'colcon_meta'
[1.118s] Level 1:colcon.colcon_core.package_identification:_identify(src/alignment) by extensions ['ros']
[1.118s] Level 1:colcon.colcon_core.package_identification:_identify(src/alignment) by extension 'ros'
[1.124s] DEBUG:colcon.colcon_core.package_identification:Package 'src/alignment' with type 'ros.ament_python' and name 'alignment'
[1.124s] Level 1:colcon.colcon_core.package_identification:_identify(src/usb_cam_launch_pkg) by extensions ['ignore', 'ignore_ament_install']
[1.124s] Level 1:colcon.colcon_core.package_identification:_identify(src/usb_cam_launch_pkg) by extension 'ignore'
[1.124s] Level 1:colcon.colcon_core.package_identification:_identify(src/usb_cam_launch_pkg) by extension 'ignore_ament_install'
[1.124s] Level 1:colcon.colcon_core.package_identification:_identify(src/usb_cam_launch_pkg) by extensions ['colcon_pkg']
[1.124s] Level 1:colcon.colcon_core.package_identification:_identify(src/usb_cam_launch_pkg) by extension 'colcon_pkg'
[1.124s] Level 1:colcon.colcon_core.package_identification:_identify(src/usb_cam_launch_pkg) by extensions ['colcon_meta']
[1.124s] Level 1:colcon.colcon_core.package_identification:_identify(src/usb_cam_launch_pkg) by extension 'colcon_meta'
[1.125s] Level 1:colcon.colcon_core.package_identification:_identify(src/usb_cam_launch_pkg) by extensions ['ros']
[1.125s] Level 1:colcon.colcon_core.package_identification:_identify(src/usb_cam_launch_pkg) by extension 'ros'
[1.126s] DEBUG:colcon.colcon_core.package_identification:Package 'src/usb_cam_launch_pkg' with type 'ros.ament_python' and name 'usb_cam_launch_pkg'
[1.126s] Level 1:colcon.colcon_core.package_discovery:discover_packages(recursive) using defaults
[1.126s] Level 1:colcon.colcon_core.package_discovery:discover_packages(ignore) discover
[1.126s] Level 1:colcon.colcon_core.package_discovery:discover_packages(ignore) using defaults
[1.126s] Level 1:colcon.colcon_core.package_discovery:discover_packages(path) discover
[1.126s] Level 1:colcon.colcon_core.package_discovery:discover_packages(path) using defaults
[1.189s] Level 5:colcon.colcon_core.verb:set package 'alignment' build argument 'cmake_args' from command line to 'None'
[1.190s] Level 5:colcon.colcon_core.verb:set package 'alignment' build argument 'cmake_target' from command line to 'None'
[1.190s] Level 5:colcon.colcon_core.verb:set package 'alignment' build argument 'cmake_target_skip_unavailable' from command line to 'False'
[1.190s] Level 5:colcon.colcon_core.verb:set package 'alignment' build argument 'cmake_clean_cache' from command line to 'False'
[1.190s] Level 5:colcon.colcon_core.verb:set package 'alignment' build argument 'cmake_clean_first' from command line to 'False'
[1.190s] Level 5:colcon.colcon_core.verb:set package 'alignment' build argument 'cmake_force_configure' from command line to 'False'
[1.190s] Level 5:colcon.colcon_core.verb:set package 'alignment' build argument 'ament_cmake_args' from command line to 'None'
[1.190s] Level 5:colcon.colcon_core.verb:set package 'alignment' build argument 'catkin_cmake_args' from command line to 'None'
[1.190s] Level 5:colcon.colcon_core.verb:set package 'alignment' build argument 'catkin_skip_building_tests' from command line to 'False'
[1.190s] DEBUG:colcon.colcon_core.verb:Building package 'alignment' with the following arguments: {'ament_cmake_args': None, 'build_base': '/home/robot/greenline/build/alignment', 'catkin_cmake_args': None, 'catkin_skip_building_tests': False, 'cmake_args': None, 'cmake_clean_cache': False, 'cmake_clean_first': False, 'cmake_force_configure': False, 'cmake_target': None, 'cmake_target_skip_unavailable': False, 'install_base': '/home/robot/greenline/install/alignment', 'merge_install': False, 'path': '/home/robot/greenline/src/alignment', 'symlink_install': True, 'test_result_base': None}
[1.190s] Level 5:colcon.colcon_core.verb:set package 'usb_cam_launch_pkg' build argument 'cmake_args' from command line to 'None'
[1.190s] Level 5:colcon.colcon_core.verb:set package 'usb_cam_launch_pkg' build argument 'cmake_target' from command line to 'None'
[1.190s] Level 5:colcon.colcon_core.verb:set package 'usb_cam_launch_pkg' build argument 'cmake_target_skip_unavailable' from command line to 'False'
[1.190s] Level 5:colcon.colcon_core.verb:set package 'usb_cam_launch_pkg' build argument 'cmake_clean_cache' from command line to 'False'
[1.190s] Level 5:colcon.colcon_core.verb:set package 'usb_cam_launch_pkg' build argument 'cmake_clean_first' from command line to 'False'
[1.191s] Level 5:colcon.colcon_core.verb:set package 'usb_cam_launch_pkg' build argument 'cmake_force_configure' from command line to 'False'
[1.191s] Level 5:colcon.colcon_core.verb:set package 'usb_cam_launch_pkg' build argument 'ament_cmake_args' from command line to 'None'
[1.191s] Level 5:colcon.colcon_core.verb:set package 'usb_cam_launch_pkg' build argument 'catkin_cmake_args' from command line to 'None'
[1.191s] Level 5:colcon.colcon_core.verb:set package 'usb_cam_launch_pkg' build argument 'catkin_skip_building_tests' from command line to 'False'
[1.191s] DEBUG:colcon.colcon_core.verb:Building package 'usb_cam_launch_pkg' with the following arguments: {'ament_cmake_args': None, 'build_base': '/home/robot/greenline/build/usb_cam_launch_pkg', 'catkin_cmake_args': None, 'catkin_skip_building_tests': False, 'cmake_args': None, 'cmake_clean_cache': False, 'cmake_clean_first': False, 'cmake_force_configure': False, 'cmake_target': None, 'cmake_target_skip_unavailable': False, 'install_base': '/home/robot/greenline/install/usb_cam_launch_pkg', 'merge_install': False, 'path': '/home/robot/greenline/src/usb_cam_launch_pkg', 'symlink_install': True, 'test_result_base': None}
[1.191s] INFO:colcon.colcon_core.executor:Executing jobs using 'parallel' executor
[1.192s] DEBUG:colcon.colcon_parallel_executor.executor.parallel:run_until_complete
[1.193s] INFO:colcon.colcon_ros.task.ament_python.build:Building ROS package in '/home/robot/greenline/src/alignment' with build type 'ament_python'
[1.193s] Level 1:colcon.colcon_core.shell:create_environment_hook('alignment', 'ament_prefix_path')
[1.203s] INFO:colcon.colcon_core.plugin_system:Skipping extension 'colcon_core.shell.bat': Not used on non-Windows systems
[1.203s] INFO:colcon.colcon_core.shell:Creating environment descriptor '/home/robot/greenline/install/alignment/share/alignment/hook/ament_prefix_path.dsv'
[1.207s] INFO:colcon.colcon_core.shell:Creating environment hook '/home/robot/greenline/install/alignment/share/alignment/hook/ament_prefix_path.sh'
[1.210s] DEBUG:colcon.colcon_core.shell:Skip shell extension 'dsv' for command environment
[1.222s] INFO:colcon.colcon_ros.task.ament_python.build:Building ROS package in '/home/robot/greenline/src/usb_cam_launch_pkg' with build type 'ament_python'
[1.222s] Level 1:colcon.colcon_core.shell:create_environment_hook('usb_cam_launch_pkg', 'ament_prefix_path')
[1.222s] INFO:colcon.colcon_core.shell:Creating environment descriptor '/home/robot/greenline/install/usb_cam_launch_pkg/share/usb_cam_launch_pkg/hook/ament_prefix_path.dsv'
[1.223s] INFO:colcon.colcon_core.shell:Creating environment hook '/home/robot/greenline/install/usb_cam_launch_pkg/share/usb_cam_launch_pkg/hook/ament_prefix_path.sh'
[1.225s] DEBUG:colcon.colcon_core.shell:Skip shell extension 'dsv' for command environment
[1.758s] INFO:colcon.colcon_core.task.python.build:Building Python package in '/home/robot/greenline/src/alignment'
[1.758s] DEBUG:colcon.colcon_core.shell:Skip shell extension 'dsv' for command environment
[2.228s] INFO:colcon.colcon_core.task.python.build:Building Python package in '/home/robot/greenline/src/usb_cam_launch_pkg'
[2.229s] DEBUG:colcon.colcon_core.shell:Skip shell extension 'dsv' for command environment
[4.452s] DEBUG:colcon.colcon_core.event_handler.log_command:Invoking command in '/home/robot/greenline/build/alignment': PYTHONPATH=/home/robot/greenline/build/alignment/prefix_override:/usr/lib/python3/dist-packages/colcon_core/task/python/colcon_distutils_commands:/home/robot/greenline/install/alignment/lib/python3.12/site-packages:${PYTHONPATH} /usr/bin/python3 -W ignore:setup.py install is deprecated setup.py develop --editable --build-directory /home/robot/greenline/build/alignment/build --no-deps symlink_data
[4.466s] DEBUG:colcon.colcon_core.event_handler.log_command:Invoking command in '/home/robot/greenline/build/usb_cam_launch_pkg': PYTHONPATH=/home/robot/greenline/build/usb_cam_launch_pkg/prefix_override:/usr/lib/python3/dist-packages/colcon_core/task/python/colcon_distutils_commands:/home/robot/greenline/install/usb_cam_launch_pkg/lib/python3.12/site-packages:${PYTHONPATH} /usr/bin/python3 -W ignore:setup.py install is deprecated setup.py develop --editable --build-directory /home/robot/greenline/build/usb_cam_launch_pkg/build --no-deps symlink_data
[5.872s] Level 1:colcon.colcon_core.shell:create_environment_hook('alignment', 'pythonpath_develop')
[5.874s] INFO:colcon.colcon_core.shell:Creating environment descriptor '/home/robot/greenline/build/alignment/share/alignment/hook/pythonpath_develop.dsv'
[5.874s] DEBUG:colcon.colcon_core.event_handler.log_command:Invoked command in '/home/robot/greenline/build/alignment' returned '0': PYTHONPATH=/home/robot/greenline/build/alignment/prefix_override:/usr/lib/python3/dist-packages/colcon_core/task/python/colcon_distutils_commands:/home/robot/greenline/install/alignment/lib/python3.12/site-packages:${PYTHONPATH} /usr/bin/python3 -W ignore:setup.py install is deprecated setup.py develop --editable --build-directory /home/robot/greenline/build/alignment/build --no-deps symlink_data
[5.876s] INFO:colcon.colcon_core.shell:Creating environment hook '/home/robot/greenline/build/alignment/share/alignment/hook/pythonpath_develop.sh'
[5.898s] Level 1:colcon.colcon_core.environment:checking '/home/robot/greenline/install/alignment' for CMake module files
[5.899s] Level 1:colcon.colcon_core.environment:checking '/home/robot/greenline/install/alignment' for CMake config files
[5.901s] Level 1:colcon.colcon_core.environment:checking '/home/robot/greenline/install/alignment/lib'
[5.901s] Level 1:colcon.colcon_core.environment:checking '/home/robot/greenline/install/alignment/bin'
[5.901s] Level 1:colcon.colcon_core.environment:checking '/home/robot/greenline/install/alignment/lib/pkgconfig/alignment.pc'
[5.902s] Level 1:colcon.colcon_core.environment:checking '/home/robot/greenline/install/alignment/lib/python3.12/site-packages'
[5.902s] Level 1:colcon.colcon_core.shell:create_environment_hook('alignment', 'pythonpath')
[5.902s] INFO:colcon.colcon_core.shell:Creating environment descriptor '/home/robot/greenline/install/alignment/share/alignment/hook/pythonpath.dsv'
[5.904s] INFO:colcon.colcon_core.shell:Creating environment hook '/home/robot/greenline/install/alignment/share/alignment/hook/pythonpath.sh'
[5.906s] Level 1:colcon.colcon_core.environment:checking '/home/robot/greenline/install/alignment/bin'
[5.906s] Level 1:colcon.colcon_core.environment:create_environment_scripts_only(alignment)
[5.906s] INFO:colcon.colcon_core.shell:Creating package descriptor '/home/robot/greenline/install/alignment/share/alignment/package.dsv'
[5.909s] INFO:colcon.colcon_core.shell:Creating package script '/home/robot/greenline/install/alignment/share/alignment/package.sh'
[5.912s] INFO:colcon.colcon_core.shell:Creating package script '/home/robot/greenline/install/alignment/share/alignment/package.bash'
[5.917s] INFO:colcon.colcon_core.shell:Creating package script '/home/robot/greenline/install/alignment/share/alignment/package.zsh'
[5.921s] Level 1:colcon.colcon_core.environment:create_file_with_runtime_dependencies(/home/robot/greenline/install/alignment/share/colcon-core/packages/alignment)
[6.092s] Level 1:colcon.colcon_core.shell:create_environment_hook('usb_cam_launch_pkg', 'pythonpath_develop')
[6.093s] INFO:colcon.colcon_core.shell:Creating environment descriptor '/home/robot/greenline/build/usb_cam_launch_pkg/share/usb_cam_launch_pkg/hook/pythonpath_develop.dsv'
[6.093s] DEBUG:colcon.colcon_core.event_handler.log_command:Invoked command in '/home/robot/greenline/build/usb_cam_launch_pkg' returned '0': PYTHONPATH=/home/robot/greenline/build/usb_cam_launch_pkg/prefix_override:/usr/lib/python3/dist-packages/colcon_core/task/python/colcon_distutils_commands:/home/robot/greenline/install/usb_cam_launch_pkg/lib/python3.12/site-packages:${PYTHONPATH} /usr/bin/python3 -W ignore:setup.py install is deprecated setup.py develop --editable --build-directory /home/robot/greenline/build/usb_cam_launch_pkg/build --no-deps symlink_data
[6.094s] INFO:colcon.colcon_core.shell:Creating environment hook '/home/robot/greenline/build/usb_cam_launch_pkg/share/usb_cam_launch_pkg/hook/pythonpath_develop.sh'
[6.096s] Level 1:colcon.colcon_core.environment:checking '/home/robot/greenline/install/usb_cam_launch_pkg' for CMake module files
[6.096s] Level 1:colcon.colcon_core.environment:checking '/home/robot/greenline/install/usb_cam_launch_pkg' for CMake config files
[6.097s] Level 1:colcon.colcon_core.environment:checking '/home/robot/greenline/install/usb_cam_launch_pkg/lib'
[6.097s] Level 1:colcon.colcon_core.environment:checking '/home/robot/greenline/install/usb_cam_launch_pkg/bin'
[6.097s] Level 1:colcon.colcon_core.environment:checking '/home/robot/greenline/install/usb_cam_launch_pkg/lib/pkgconfig/usb_cam_launch_pkg.pc'
[6.098s] Level 1:colcon.colcon_core.environment:checking '/home/robot/greenline/install/usb_cam_launch_pkg/lib/python3.12/site-packages'
[6.098s] Level 1:colcon.colcon_core.shell:create_environment_hook('usb_cam_launch_pkg', 'pythonpath')
[6.098s] INFO:colcon.colcon_core.shell:Creating environment descriptor '/home/robot/greenline/install/usb_cam_launch_pkg/share/usb_cam_launch_pkg/hook/pythonpath.dsv'
[6.099s] INFO:colcon.colcon_core.shell:Creating environment hook '/home/robot/greenline/install/usb_cam_launch_pkg/share/usb_cam_launch_pkg/hook/pythonpath.sh'
[6.101s] Level 1:colcon.colcon_core.environment:checking '/home/robot/greenline/install/usb_cam_launch_pkg/bin'
[6.101s] Level 1:colcon.colcon_core.environment:create_environment_scripts_only(usb_cam_launch_pkg)
[6.101s] INFO:colcon.colcon_core.shell:Creating package descriptor '/home/robot/greenline/install/usb_cam_launch_pkg/share/usb_cam_launch_pkg/package.dsv'
[6.102s] INFO:colcon.colcon_core.shell:Creating package script '/home/robot/greenline/install/usb_cam_launch_pkg/share/usb_cam_launch_pkg/package.sh'
[6.105s] INFO:colcon.colcon_core.shell:Creating package script '/home/robot/greenline/install/usb_cam_launch_pkg/share/usb_cam_launch_pkg/package.bash'
[6.106s] INFO:colcon.colcon_core.shell:Creating package script '/home/robot/greenline/install/usb_cam_launch_pkg/share/usb_cam_launch_pkg/package.zsh'
[6.107s] Level 1:colcon.colcon_core.environment:create_file_with_runtime_dependencies(/home/robot/greenline/install/usb_cam_launch_pkg/share/colcon-core/packages/usb_cam_launch_pkg)
[6.109s] DEBUG:colcon.colcon_parallel_executor.executor.parallel:closing loop
[6.111s] DEBUG:colcon.colcon_parallel_executor.executor.parallel:loop closed
[6.111s] DEBUG:colcon.colcon_parallel_executor.executor.parallel:run_until_complete finished with '0'
[6.111s] DEBUG:colcon.colcon_core.event_reactor:joining thread
[6.123s] INFO:colcon.colcon_core.plugin_system:Skipping extension 'colcon_notification.desktop_notification.notify_send': Could not find 'notify-send'
[6.125s] INFO:colcon.colcon_core.plugin_system:Skipping extension 'colcon_notification.desktop_notification.terminal_notifier': Not used on non-Darwin systems
[6.126s] INFO:colcon.colcon_core.plugin_system:Skipping extension 'colcon_notification.desktop_notification.win32': Not used on non-Windows systems
[6.126s] INFO:colcon.colcon_notification.desktop_notification:Sending desktop notification using 'notify2'
[6.159s] DEBUG:colcon.colcon_notification.desktop_notification.notify2:Failed to initialize notify2: org.freedesktop.DBus.Error.ServiceUnknown: The name org.freedesktop.Notifications was not provided by any .service files
[6.160s] DEBUG:colcon.colcon_core.event_reactor:joined thread
[6.160s] INFO:colcon.colcon_core.shell:Creating prefix script '/home/robot/greenline/install/local_setup.sh'
[6.166s] INFO:colcon.colcon_core.shell:Creating prefix util module '/home/robot/greenline/install/_local_setup_util_sh.py'
[6.170s] INFO:colcon.colcon_core.shell:Creating prefix chain script '/home/robot/greenline/install/setup.sh'
[6.175s] INFO:colcon.colcon_core.shell:Creating prefix script '/home/robot/greenline/install/local_setup.bash'
[6.180s] INFO:colcon.colcon_core.shell:Creating prefix chain script '/home/robot/greenline/install/setup.bash'
[6.194s] INFO:colcon.colcon_core.shell:Creating prefix script '/home/robot/greenline/install/local_setup.zsh'
[6.197s] INFO:colcon.colcon_core.shell:Creating prefix chain script '/home/robot/greenline/install/setup.zsh'
