[0.288s] DEBUG:colcon:Command line arguments: ['/usr/bin/colcon', 'build', '--symlink-install']
[0.288s] DEBUG:colcon:Parsed command line arguments: Namespace(log_base=None, log_level=None, verb_name='build', build_base='build', install_base='install', merge_install=False, symlink_install=True, test_result_base=None, continue_on_error=False, executor='parallel', parallel_workers=4, event_handlers=None, ignore_user_meta=False, metas=['./colcon.meta'], base_paths=['.'], packages_ignore=None, packages_ignore_regex=None, paths=None, packages_up_to=None, packages_up_to_regex=None, packages_above=None, packages_above_and_dependencies=None, packages_above_depth=None, packages_select_by_dep=None, packages_skip_by_dep=None, packages_skip_up_to=None, packages_select_build_failed=False, packages_skip_build_finished=False, packages_select_test_failures=False, packages_skip_test_passed=False, packages_select=None, packages_skip=None, packages_select_regex=None, packages_skip_regex=None, packages_start=None, packages_end=None, allow_overriding=[], cmake_args=None, cmake_target=None, cmake_target_skip_unavailable=False, cmake_clean_cache=False, cmake_clean_first=False, cmake_force_configure=False, ament_cmake_args=None, catkin_cmake_args=None, catkin_skip_building_tests=False, mixin_files=None, mixin=None, verb_parser=<colcon_mixin.mixin.mixin_argument.MixinArgumentDecorator object at 0x7f580f254980>, verb_extension=<colcon_core.verb.build.BuildVerb object at 0x7f580f346cc0>, main=<bound method BuildVerb.main of <colcon_core.verb.build.BuildVerb object at 0x7f580f346cc0>>, mixin_verb=('build',))
[0.340s] Level 1:colcon.colcon_core.package_discovery:discover_packages(colcon_meta) check parameters
[0.340s] Level 1:colcon.colcon_core.package_discovery:discover_packages(recursive) check parameters
[0.340s] Level 1:colcon.colcon_core.package_discovery:discover_packages(ignore) check parameters
[0.340s] Level 1:colcon.colcon_core.package_discovery:discover_packages(path) check parameters
[0.340s] Level 1:colcon.colcon_core.package_discovery:discover_packages(colcon_meta) discover
[0.340s] Level 1:colcon.colcon_core.package_discovery:discover_packages(recursive) discover
[0.340s] INFO:colcon.colcon_core.package_discovery:Crawling recursively for packages in '/home/elias/git/robotics-minor'
[0.340s] Level 1:colcon.colcon_core.package_identification:_identify(.) by extensions ['ignore', 'ignore_ament_install']
[0.340s] Level 1:colcon.colcon_core.package_identification:_identify(.) by extension 'ignore'
[0.340s] Level 1:colcon.colcon_core.package_identification:_identify(.) by extension 'ignore_ament_install'
[0.341s] Level 1:colcon.colcon_core.package_identification:_identify(.) by extensions ['colcon_pkg']
[0.341s] Level 1:colcon.colcon_core.package_identification:_identify(.) by extension 'colcon_pkg'
[0.341s] Level 1:colcon.colcon_core.package_identification:_identify(.) by extensions ['colcon_meta']
[0.341s] Level 1:colcon.colcon_core.package_identification:_identify(.) by extension 'colcon_meta'
[0.341s] Level 1:colcon.colcon_core.package_identification:_identify(.) by extensions ['ros']
[0.341s] Level 1:colcon.colcon_core.package_identification:_identify(.) by extension 'ros'
[0.376s] Level 1:colcon.colcon_core.package_identification:_identify(.) by extensions ['cmake', 'python']
[0.376s] Level 1:colcon.colcon_core.package_identification:_identify(.) by extension 'cmake'
[0.376s] Level 1:colcon.colcon_core.package_identification:_identify(.) by extension 'python'
[0.376s] Level 1:colcon.colcon_core.package_identification:_identify(.) by extensions ['python_setup_py']
[0.376s] Level 1:colcon.colcon_core.package_identification:_identify(.) by extension 'python_setup_py'
[0.376s] Level 1:colcon.colcon_core.package_identification:_identify(build) by extensions ['ignore', 'ignore_ament_install']
[0.376s] Level 1:colcon.colcon_core.package_identification:_identify(build) by extension 'ignore'
[0.376s] Level 1:colcon.colcon_core.package_identification:_identify(build) ignored
[0.376s] Level 1:colcon.colcon_core.package_identification:_identify(install) by extensions ['ignore', 'ignore_ament_install']
[0.376s] Level 1:colcon.colcon_core.package_identification:_identify(install) by extension 'ignore'
[0.376s] Level 1:colcon.colcon_core.package_identification:_identify(install) ignored
[0.377s] Level 1:colcon.colcon_core.package_identification:_identify(log) by extensions ['ignore', 'ignore_ament_install']
[0.377s] Level 1:colcon.colcon_core.package_identification:_identify(log) by extension 'ignore'
[0.377s] Level 1:colcon.colcon_core.package_identification:_identify(log) ignored
[0.377s] Level 1:colcon.colcon_core.package_identification:_identify(src) by extensions ['ignore', 'ignore_ament_install']
[0.377s] Level 1:colcon.colcon_core.package_identification:_identify(src) by extension 'ignore'
[0.377s] Level 1:colcon.colcon_core.package_identification:_identify(src) by extension 'ignore_ament_install'
[0.377s] Level 1:colcon.colcon_core.package_identification:_identify(src) by extensions ['colcon_pkg']
[0.377s] Level 1:colcon.colcon_core.package_identification:_identify(src) by extension 'colcon_pkg'
[0.377s] Level 1:colcon.colcon_core.package_identification:_identify(src) by extensions ['colcon_meta']
[0.377s] Level 1:colcon.colcon_core.package_identification:_identify(src) by extension 'colcon_meta'
[0.377s] Level 1:colcon.colcon_core.package_identification:_identify(src) by extensions ['ros']
[0.377s] Level 1:colcon.colcon_core.package_identification:_identify(src) by extension 'ros'
[0.378s] Level 1:colcon.colcon_core.package_identification:_identify(src) by extensions ['cmake', 'python']
[0.378s] Level 1:colcon.colcon_core.package_identification:_identify(src) by extension 'cmake'
[0.378s] Level 1:colcon.colcon_core.package_identification:_identify(src) by extension 'python'
[0.378s] Level 1:colcon.colcon_core.package_identification:_identify(src) by extensions ['python_setup_py']
[0.378s] Level 1:colcon.colcon_core.package_identification:_identify(src) by extension 'python_setup_py'
[0.378s] Level 1:colcon.colcon_core.package_identification:_identify(src/alignment) by extensions ['ignore', 'ignore_ament_install']
[0.378s] Level 1:colcon.colcon_core.package_identification:_identify(src/alignment) by extension 'ignore'
[0.378s] Level 1:colcon.colcon_core.package_identification:_identify(src/alignment) by extension 'ignore_ament_install'
[0.378s] Level 1:colcon.colcon_core.package_identification:_identify(src/alignment) by extensions ['colcon_pkg']
[0.378s] Level 1:colcon.colcon_core.package_identification:_identify(src/alignment) by extension 'colcon_pkg'
[0.378s] Level 1:colcon.colcon_core.package_identification:_identify(src/alignment) by extensions ['colcon_meta']
[0.378s] Level 1:colcon.colcon_core.package_identification:_identify(src/alignment) by extension 'colcon_meta'
[0.378s] Level 1:colcon.colcon_core.package_identification:_identify(src/alignment) by extensions ['ros']
[0.378s] Level 1:colcon.colcon_core.package_identification:_identify(src/alignment) by extension 'ros'
[0.381s] DEBUG:colcon.colcon_core.package_identification:Package 'src/alignment' with type 'ros.ament_python' and name 'alignment'
[0.381s] Level 1:colcon.colcon_core.package_identification:_identify(src/robot_model) by extensions ['ignore', 'ignore_ament_install']
[0.381s] Level 1:colcon.colcon_core.package_identification:_identify(src/robot_model) by extension 'ignore'
[0.382s] Level 1:colcon.colcon_core.package_identification:_identify(src/robot_model) by extension 'ignore_ament_install'
[0.382s] Level 1:colcon.colcon_core.package_identification:_identify(src/robot_model) by extensions ['colcon_pkg']
[0.382s] Level 1:colcon.colcon_core.package_identification:_identify(src/robot_model) by extension 'colcon_pkg'
[0.382s] Level 1:colcon.colcon_core.package_identification:_identify(src/robot_model) by extensions ['colcon_meta']
[0.382s] Level 1:colcon.colcon_core.package_identification:_identify(src/robot_model) by extension 'colcon_meta'
[0.382s] Level 1:colcon.colcon_core.package_identification:_identify(src/robot_model) by extensions ['ros']
[0.382s] Level 1:colcon.colcon_core.package_identification:_identify(src/robot_model) by extension 'ros'
[0.382s] Level 1:colcon.colcon_core.package_identification:_identify(src/robot_model) ignored
[0.382s] Level 1:colcon.colcon_core.package_discovery:discover_packages(recursive) using defaults
[0.382s] Level 1:colcon.colcon_core.package_discovery:discover_packages(ignore) discover
[0.382s] Level 1:colcon.colcon_core.package_discovery:discover_packages(ignore) using defaults
[0.382s] Level 1:colcon.colcon_core.package_discovery:discover_packages(path) discover
[0.382s] Level 1:colcon.colcon_core.package_discovery:discover_packages(path) using defaults
[0.405s] Level 1:colcon.colcon_core.package_discovery:discover_packages(prefix_path) check parameters
[0.405s] Level 1:colcon.colcon_core.package_discovery:discover_packages(prefix_path) discover
[0.408s] DEBUG:colcon.colcon_installed_package_information.package_discovery:Found 285 installed packages in /opt/ros/jazzy
[0.409s] Level 1:colcon.colcon_core.package_discovery:discover_packages(prefix_path) using defaults
[0.467s] Level 5:colcon.colcon_core.verb:set package 'alignment' build argument 'cmake_args' from command line to 'None'
[0.467s] Level 5:colcon.colcon_core.verb:set package 'alignment' build argument 'cmake_target' from command line to 'None'
[0.467s] Level 5:colcon.colcon_core.verb:set package 'alignment' build argument 'cmake_target_skip_unavailable' from command line to 'False'
[0.467s] Level 5:colcon.colcon_core.verb:set package 'alignment' build argument 'cmake_clean_cache' from command line to 'False'
[0.467s] Level 5:colcon.colcon_core.verb:set package 'alignment' build argument 'cmake_clean_first' from command line to 'False'
[0.467s] Level 5:colcon.colcon_core.verb:set package 'alignment' build argument 'cmake_force_configure' from command line to 'False'
[0.467s] Level 5:colcon.colcon_core.verb:set package 'alignment' build argument 'ament_cmake_args' from command line to 'None'
[0.467s] Level 5:colcon.colcon_core.verb:set package 'alignment' build argument 'catkin_cmake_args' from command line to 'None'
[0.467s] Level 5:colcon.colcon_core.verb:set package 'alignment' build argument 'catkin_skip_building_tests' from command line to 'False'
[0.467s] DEBUG:colcon.colcon_core.verb:Building package 'alignment' with the following arguments: {'ament_cmake_args': None, 'build_base': '/home/elias/git/robotics-minor/build/alignment', 'catkin_cmake_args': None, 'catkin_skip_building_tests': False, 'cmake_args': None, 'cmake_clean_cache': False, 'cmake_clean_first': False, 'cmake_force_configure': False, 'cmake_target': None, 'cmake_target_skip_unavailable': False, 'install_base': '/home/elias/git/robotics-minor/install/alignment', 'merge_install': False, 'path': '/home/elias/git/robotics-minor/src/alignment', 'symlink_install': True, 'test_result_base': None}
[0.468s] INFO:colcon.colcon_core.executor:Executing jobs using 'parallel' executor
[0.469s] DEBUG:colcon.colcon_parallel_executor.executor.parallel:run_until_complete
[0.470s] INFO:colcon.colcon_ros.task.ament_python.build:Building ROS package in '/home/elias/git/robotics-minor/src/alignment' with build type 'ament_python'
[0.470s] Level 1:colcon.colcon_core.shell:create_environment_hook('alignment', 'ament_prefix_path')
[0.474s] INFO:colcon.colcon_core.plugin_system:Skipping extension 'colcon_core.shell.bat': Not used on non-Windows systems
[0.474s] INFO:colcon.colcon_core.shell:Creating environment hook '/home/elias/git/robotics-minor/install/alignment/share/alignment/hook/ament_prefix_path.ps1'
[0.476s] INFO:colcon.colcon_core.shell:Creating environment descriptor '/home/elias/git/robotics-minor/install/alignment/share/alignment/hook/ament_prefix_path.dsv'
[0.476s] INFO:colcon.colcon_core.shell:Creating environment hook '/home/elias/git/robotics-minor/install/alignment/share/alignment/hook/ament_prefix_path.sh'
[0.477s] INFO:colcon.colcon_core.shell:Skip shell extension 'powershell' for command environment: Not usable outside of PowerShell
[0.477s] DEBUG:colcon.colcon_core.shell:Skip shell extension 'dsv' for command environment
[0.780s] INFO:colcon.colcon_core.task.python.build:Building Python package in '/home/elias/git/robotics-minor/src/alignment'
[0.780s] INFO:colcon.colcon_core.shell:Skip shell extension 'powershell' for command environment: Not usable outside of PowerShell
[0.780s] DEBUG:colcon.colcon_core.shell:Skip shell extension 'dsv' for command environment
[1.618s] DEBUG:colcon.colcon_core.event_handler.log_command:Invoking command in '/home/elias/git/robotics-minor/build/alignment': PYTHONPATH=/home/elias/git/robotics-minor/build/alignment/prefix_override:/usr/lib/python3/dist-packages/colcon_core/task/python/colcon_distutils_commands:/home/elias/git/robotics-minor/install/alignment/lib/python3.12/site-packages:${PYTHONPATH} /usr/bin/python3 -W ignore:setup.py install is deprecated setup.py develop --editable --build-directory /home/elias/git/robotics-minor/build/alignment/build --no-deps symlink_data
[2.569s] Level 1:colcon.colcon_core.shell:create_environment_hook('alignment', 'pythonpath_develop')
[2.570s] DEBUG:colcon.colcon_core.event_handler.log_command:Invoked command in '/home/elias/git/robotics-minor/build/alignment' returned '0': PYTHONPATH=/home/elias/git/robotics-minor/build/alignment/prefix_override:/usr/lib/python3/dist-packages/colcon_core/task/python/colcon_distutils_commands:/home/elias/git/robotics-minor/install/alignment/lib/python3.12/site-packages:${PYTHONPATH} /usr/bin/python3 -W ignore:setup.py install is deprecated setup.py develop --editable --build-directory /home/elias/git/robotics-minor/build/alignment/build --no-deps symlink_data
[2.570s] INFO:colcon.colcon_core.shell:Creating environment hook '/home/elias/git/robotics-minor/build/alignment/share/alignment/hook/pythonpath_develop.ps1'
[2.572s] INFO:colcon.colcon_core.shell:Creating environment descriptor '/home/elias/git/robotics-minor/build/alignment/share/alignment/hook/pythonpath_develop.dsv'
[2.572s] INFO:colcon.colcon_core.shell:Creating environment hook '/home/elias/git/robotics-minor/build/alignment/share/alignment/hook/pythonpath_develop.sh'
[2.577s] Level 1:colcon.colcon_core.environment:checking '/home/elias/git/robotics-minor/install/alignment' for CMake module files
[2.578s] Level 1:colcon.colcon_core.environment:checking '/home/elias/git/robotics-minor/install/alignment' for CMake config files
[2.579s] Level 1:colcon.colcon_core.environment:checking '/home/elias/git/robotics-minor/install/alignment/lib'
[2.579s] Level 1:colcon.colcon_core.environment:checking '/home/elias/git/robotics-minor/install/alignment/bin'
[2.579s] Level 1:colcon.colcon_core.environment:checking '/home/elias/git/robotics-minor/install/alignment/lib/pkgconfig/alignment.pc'
[2.579s] Level 1:colcon.colcon_core.environment:checking '/home/elias/git/robotics-minor/install/alignment/lib/python3.12/site-packages'
[2.579s] Level 1:colcon.colcon_core.shell:create_environment_hook('alignment', 'pythonpath')
[2.580s] INFO:colcon.colcon_core.shell:Creating environment hook '/home/elias/git/robotics-minor/install/alignment/share/alignment/hook/pythonpath.ps1'
[2.580s] INFO:colcon.colcon_core.shell:Creating environment descriptor '/home/elias/git/robotics-minor/install/alignment/share/alignment/hook/pythonpath.dsv'
[2.580s] INFO:colcon.colcon_core.shell:Creating environment hook '/home/elias/git/robotics-minor/install/alignment/share/alignment/hook/pythonpath.sh'
[2.581s] Level 1:colcon.colcon_core.environment:checking '/home/elias/git/robotics-minor/install/alignment/bin'
[2.581s] Level 1:colcon.colcon_core.environment:create_environment_scripts_only(alignment)
[2.581s] INFO:colcon.colcon_core.shell:Creating package script '/home/elias/git/robotics-minor/install/alignment/share/alignment/package.ps1'
[2.582s] INFO:colcon.colcon_core.shell:Creating package descriptor '/home/elias/git/robotics-minor/install/alignment/share/alignment/package.dsv'
[2.583s] INFO:colcon.colcon_core.shell:Creating package script '/home/elias/git/robotics-minor/install/alignment/share/alignment/package.sh'
[2.584s] INFO:colcon.colcon_core.shell:Creating package script '/home/elias/git/robotics-minor/install/alignment/share/alignment/package.bash'
[2.585s] INFO:colcon.colcon_core.shell:Creating package script '/home/elias/git/robotics-minor/install/alignment/share/alignment/package.zsh'
[2.586s] Level 1:colcon.colcon_core.environment:create_file_with_runtime_dependencies(/home/elias/git/robotics-minor/install/alignment/share/colcon-core/packages/alignment)
[2.587s] DEBUG:colcon.colcon_parallel_executor.executor.parallel:closing loop
[2.588s] DEBUG:colcon.colcon_parallel_executor.executor.parallel:loop closed
[2.588s] DEBUG:colcon.colcon_parallel_executor.executor.parallel:run_until_complete finished with '0'
[2.588s] DEBUG:colcon.colcon_core.event_reactor:joining thread
[2.658s] INFO:colcon.colcon_core.plugin_system:Skipping extension 'colcon_notification.desktop_notification.notify_send': Could not find 'notify-send'
[2.658s] INFO:colcon.colcon_core.plugin_system:Skipping extension 'colcon_notification.desktop_notification.terminal_notifier': Not used on non-Darwin systems
[2.658s] INFO:colcon.colcon_core.plugin_system:Skipping extension 'colcon_notification.desktop_notification.win32': Not used on non-Windows systems
[2.659s] INFO:colcon.colcon_notification.desktop_notification:Sending desktop notification using 'notify2'
[2.660s] DEBUG:colcon.colcon_notification.desktop_notification.notify2:Failed to initialize notify2: org.freedesktop.DBus.Error.ServiceUnknown: The name org.freedesktop.Notifications was not provided by any .service files
[2.661s] DEBUG:colcon.colcon_core.event_reactor:joined thread
[2.661s] INFO:colcon.colcon_core.shell:Creating prefix script '/home/elias/git/robotics-minor/install/local_setup.ps1'
[2.662s] INFO:colcon.colcon_core.shell:Creating prefix util module '/home/elias/git/robotics-minor/install/_local_setup_util_ps1.py'
[2.663s] INFO:colcon.colcon_core.shell:Creating prefix chain script '/home/elias/git/robotics-minor/install/setup.ps1'
[2.664s] INFO:colcon.colcon_core.shell:Creating prefix script '/home/elias/git/robotics-minor/install/local_setup.sh'
[2.664s] INFO:colcon.colcon_core.shell:Creating prefix util module '/home/elias/git/robotics-minor/install/_local_setup_util_sh.py'
[2.665s] INFO:colcon.colcon_core.shell:Creating prefix chain script '/home/elias/git/robotics-minor/install/setup.sh'
[2.666s] INFO:colcon.colcon_core.shell:Creating prefix script '/home/elias/git/robotics-minor/install/local_setup.bash'
[2.666s] INFO:colcon.colcon_core.shell:Creating prefix chain script '/home/elias/git/robotics-minor/install/setup.bash'
[2.668s] INFO:colcon.colcon_core.shell:Creating prefix script '/home/elias/git/robotics-minor/install/local_setup.zsh'
[2.668s] INFO:colcon.colcon_core.shell:Creating prefix chain script '/home/elias/git/robotics-minor/install/setup.zsh'
