[0.139s] DEBUG:colcon:Command line arguments: ['/usr/bin/colcon', 'build', '--symlink-install']
[0.139s] DEBUG:colcon:Parsed command line arguments: Namespace(log_base=None, log_level=None, verb_name='build', build_base='build', install_base='install', merge_install=False, symlink_install=True, test_result_base=None, continue_on_error=False, executor='parallel', parallel_workers=4, event_handlers=None, ignore_user_meta=False, metas=['./colcon.meta'], base_paths=['.'], packages_ignore=None, packages_ignore_regex=None, paths=None, packages_up_to=None, packages_up_to_regex=None, packages_above=None, packages_above_and_dependencies=None, packages_above_depth=None, packages_select_by_dep=None, packages_skip_by_dep=None, packages_skip_up_to=None, packages_select_build_failed=False, packages_skip_build_finished=False, packages_select_test_failures=False, packages_skip_test_passed=False, packages_select=None, packages_skip=None, packages_select_regex=None, packages_skip_regex=None, packages_start=None, packages_end=None, cmake_args=None, cmake_target=None, cmake_target_skip_unavailable=False, cmake_clean_cache=False, cmake_clean_first=False, cmake_force_configure=False, ament_cmake_args=None, catkin_cmake_args=None, catkin_skip_building_tests=False, verb_parser=<colcon_defaults.argument_parser.defaults.DefaultArgumentsDecorator object at 0xffffa4de6780>, verb_extension=<colcon_core.verb.build.BuildVerb object at 0xffffa4d0d670>, main=<bound method BuildVerb.main of <colcon_core.verb.build.BuildVerb object at 0xffffa4d0d670>>)
[0.198s] Level 1:colcon.colcon_core.package_discovery:discover_packages(colcon_meta) check parameters
[0.198s] Level 1:colcon.colcon_core.package_discovery:discover_packages(recursive) check parameters
[0.198s] Level 1:colcon.colcon_core.package_discovery:discover_packages(ignore) check parameters
[0.198s] Level 1:colcon.colcon_core.package_discovery:discover_packages(path) check parameters
[0.198s] Level 1:colcon.colcon_core.package_discovery:discover_packages(colcon_meta) discover
[0.199s] Level 1:colcon.colcon_core.package_discovery:discover_packages(recursive) discover
[0.199s] INFO:colcon.colcon_core.package_discovery:Crawling recursively for packages in '/home/robot/greenline'
[0.199s] Level 1:colcon.colcon_core.package_identification:_identify(.) by extensions ['ignore', 'ignore_ament_install']
[0.199s] Level 1:colcon.colcon_core.package_identification:_identify(.) by extension 'ignore'
[0.199s] Level 1:colcon.colcon_core.package_identification:_identify(.) by extension 'ignore_ament_install'
[0.199s] Level 1:colcon.colcon_core.package_identification:_identify(.) by extensions ['colcon_pkg']
[0.199s] Level 1:colcon.colcon_core.package_identification:_identify(.) by extension 'colcon_pkg'
[0.199s] Level 1:colcon.colcon_core.package_identification:_identify(.) by extensions ['colcon_meta']
[0.199s] Level 1:colcon.colcon_core.package_identification:_identify(.) by extension 'colcon_meta'
[0.199s] Level 1:colcon.colcon_core.package_identification:_identify(.) by extensions ['ros']
[0.199s] Level 1:colcon.colcon_core.package_identification:_identify(.) by extension 'ros'
[0.237s] Level 1:colcon.colcon_core.package_identification:_identify(.) by extensions ['cmake', 'python']
[0.238s] Level 1:colcon.colcon_core.package_identification:_identify(.) by extension 'cmake'
[0.238s] Level 1:colcon.colcon_core.package_identification:_identify(.) by extension 'python'
[0.238s] Level 1:colcon.colcon_core.package_identification:_identify(.) by extensions ['python_setup_py']
[0.238s] Level 1:colcon.colcon_core.package_identification:_identify(.) by extension 'python_setup_py'
[0.238s] Level 1:colcon.colcon_core.package_identification:_identify(build) by extensions ['ignore', 'ignore_ament_install']
[0.238s] Level 1:colcon.colcon_core.package_identification:_identify(build) by extension 'ignore'
[0.238s] Level 1:colcon.colcon_core.package_identification:_identify(build) ignored
[0.238s] Level 1:colcon.colcon_core.package_identification:_identify(install) by extensions ['ignore', 'ignore_ament_install']
[0.238s] Level 1:colcon.colcon_core.package_identification:_identify(install) by extension 'ignore'
[0.238s] Level 1:colcon.colcon_core.package_identification:_identify(install) ignored
[0.239s] Level 1:colcon.colcon_core.package_identification:_identify(log) by extensions ['ignore', 'ignore_ament_install']
[0.239s] Level 1:colcon.colcon_core.package_identification:_identify(log) by extension 'ignore'
[0.239s] Level 1:colcon.colcon_core.package_identification:_identify(log) ignored
[0.239s] Level 1:colcon.colcon_core.package_identification:_identify(src) by extensions ['ignore', 'ignore_ament_install']
[0.239s] Level 1:colcon.colcon_core.package_identification:_identify(src) by extension 'ignore'
[0.239s] Level 1:colcon.colcon_core.package_identification:_identify(src) by extension 'ignore_ament_install'
[0.239s] Level 1:colcon.colcon_core.package_identification:_identify(src) by extensions ['colcon_pkg']
[0.239s] Level 1:colcon.colcon_core.package_identification:_identify(src) by extension 'colcon_pkg'
[0.239s] Level 1:colcon.colcon_core.package_identification:_identify(src) by extensions ['colcon_meta']
[0.239s] Level 1:colcon.colcon_core.package_identification:_identify(src) by extension 'colcon_meta'
[0.239s] Level 1:colcon.colcon_core.package_identification:_identify(src) by extensions ['ros']
[0.239s] Level 1:colcon.colcon_core.package_identification:_identify(src) by extension 'ros'
[0.239s] Level 1:colcon.colcon_core.package_identification:_identify(src) by extensions ['cmake', 'python']
[0.239s] Level 1:colcon.colcon_core.package_identification:_identify(src) by extension 'cmake'
[0.239s] Level 1:colcon.colcon_core.package_identification:_identify(src) by extension 'python'
[0.239s] Level 1:colcon.colcon_core.package_identification:_identify(src) by extensions ['python_setup_py']
[0.239s] Level 1:colcon.colcon_core.package_identification:_identify(src) by extension 'python_setup_py'
[0.239s] Level 1:colcon.colcon_core.package_identification:_identify(src/alignment) by extensions ['ignore', 'ignore_ament_install']
[0.240s] Level 1:colcon.colcon_core.package_identification:_identify(src/alignment) by extension 'ignore'
[0.240s] Level 1:colcon.colcon_core.package_identification:_identify(src/alignment) by extension 'ignore_ament_install'
[0.240s] Level 1:colcon.colcon_core.package_identification:_identify(src/alignment) by extensions ['colcon_pkg']
[0.240s] Level 1:colcon.colcon_core.package_identification:_identify(src/alignment) by extension 'colcon_pkg'
[0.240s] Level 1:colcon.colcon_core.package_identification:_identify(src/alignment) by extensions ['colcon_meta']
[0.240s] Level 1:colcon.colcon_core.package_identification:_identify(src/alignment) by extension 'colcon_meta'
[0.240s] Level 1:colcon.colcon_core.package_identification:_identify(src/alignment) by extensions ['ros']
[0.240s] Level 1:colcon.colcon_core.package_identification:_identify(src/alignment) by extension 'ros'
[0.243s] DEBUG:colcon.colcon_core.package_identification:Package 'src/alignment' with type 'ros.ament_python' and name 'alignment'
[0.243s] Level 1:colcon.colcon_core.package_identification:_identify(src/usb_cam_launch_pkg) by extensions ['ignore', 'ignore_ament_install']
[0.243s] Level 1:colcon.colcon_core.package_identification:_identify(src/usb_cam_launch_pkg) by extension 'ignore'
[0.243s] Level 1:colcon.colcon_core.package_identification:_identify(src/usb_cam_launch_pkg) by extension 'ignore_ament_install'
[0.243s] Level 1:colcon.colcon_core.package_identification:_identify(src/usb_cam_launch_pkg) by extensions ['colcon_pkg']
[0.243s] Level 1:colcon.colcon_core.package_identification:_identify(src/usb_cam_launch_pkg) by extension 'colcon_pkg'
[0.243s] Level 1:colcon.colcon_core.package_identification:_identify(src/usb_cam_launch_pkg) by extensions ['colcon_meta']
[0.243s] Level 1:colcon.colcon_core.package_identification:_identify(src/usb_cam_launch_pkg) by extension 'colcon_meta'
[0.244s] Level 1:colcon.colcon_core.package_identification:_identify(src/usb_cam_launch_pkg) by extensions ['ros']
[0.244s] Level 1:colcon.colcon_core.package_identification:_identify(src/usb_cam_launch_pkg) by extension 'ros'
[0.244s] DEBUG:colcon.colcon_core.package_identification:Package 'src/usb_cam_launch_pkg' with type 'ros.ament_python' and name 'usb_cam_launch_pkg'
[0.244s] Level 1:colcon.colcon_core.package_discovery:discover_packages(recursive) using defaults
[0.244s] Level 1:colcon.colcon_core.package_discovery:discover_packages(ignore) discover
[0.245s] Level 1:colcon.colcon_core.package_discovery:discover_packages(ignore) using defaults
[0.245s] Level 1:colcon.colcon_core.package_discovery:discover_packages(path) discover
[0.245s] Level 1:colcon.colcon_core.package_discovery:discover_packages(path) using defaults
[0.272s] Level 5:colcon.colcon_core.verb:set package 'alignment' build argument 'cmake_args' from command line to 'None'
[0.272s] Level 5:colcon.colcon_core.verb:set package 'alignment' build argument 'cmake_target' from command line to 'None'
[0.272s] Level 5:colcon.colcon_core.verb:set package 'alignment' build argument 'cmake_target_skip_unavailable' from command line to 'False'
[0.272s] Level 5:colcon.colcon_core.verb:set package 'alignment' build argument 'cmake_clean_cache' from command line to 'False'
[0.272s] Level 5:colcon.colcon_core.verb:set package 'alignment' build argument 'cmake_clean_first' from command line to 'False'
[0.272s] Level 5:colcon.colcon_core.verb:set package 'alignment' build argument 'cmake_force_configure' from command line to 'False'
[0.272s] Level 5:colcon.colcon_core.verb:set package 'alignment' build argument 'ament_cmake_args' from command line to 'None'
[0.273s] Level 5:colcon.colcon_core.verb:set package 'alignment' build argument 'catkin_cmake_args' from command line to 'None'
[0.273s] Level 5:colcon.colcon_core.verb:set package 'alignment' build argument 'catkin_skip_building_tests' from command line to 'False'
[0.273s] DEBUG:colcon.colcon_core.verb:Building package 'alignment' with the following arguments: {'ament_cmake_args': None, 'build_base': '/home/robot/greenline/build/alignment', 'catkin_cmake_args': None, 'catkin_skip_building_tests': False, 'cmake_args': None, 'cmake_clean_cache': False, 'cmake_clean_first': False, 'cmake_force_configure': False, 'cmake_target': None, 'cmake_target_skip_unavailable': False, 'install_base': '/home/robot/greenline/install/alignment', 'merge_install': False, 'path': '/home/robot/greenline/src/alignment', 'symlink_install': True, 'test_result_base': None}
[0.273s] Level 5:colcon.colcon_core.verb:set package 'usb_cam_launch_pkg' build argument 'cmake_args' from command line to 'None'
[0.273s] Level 5:colcon.colcon_core.verb:set package 'usb_cam_launch_pkg' build argument 'cmake_target' from command line to 'None'
[0.273s] Level 5:colcon.colcon_core.verb:set package 'usb_cam_launch_pkg' build argument 'cmake_target_skip_unavailable' from command line to 'False'
[0.273s] Level 5:colcon.colcon_core.verb:set package 'usb_cam_launch_pkg' build argument 'cmake_clean_cache' from command line to 'False'
[0.273s] Level 5:colcon.colcon_core.verb:set package 'usb_cam_launch_pkg' build argument 'cmake_clean_first' from command line to 'False'
[0.273s] Level 5:colcon.colcon_core.verb:set package 'usb_cam_launch_pkg' build argument 'cmake_force_configure' from command line to 'False'
[0.273s] Level 5:colcon.colcon_core.verb:set package 'usb_cam_launch_pkg' build argument 'ament_cmake_args' from command line to 'None'
[0.273s] Level 5:colcon.colcon_core.verb:set package 'usb_cam_launch_pkg' build argument 'catkin_cmake_args' from command line to 'None'
[0.273s] Level 5:colcon.colcon_core.verb:set package 'usb_cam_launch_pkg' build argument 'catkin_skip_building_tests' from command line to 'False'
[0.273s] DEBUG:colcon.colcon_core.verb:Building package 'usb_cam_launch_pkg' with the following arguments: {'ament_cmake_args': None, 'build_base': '/home/robot/greenline/build/usb_cam_launch_pkg', 'catkin_cmake_args': None, 'catkin_skip_building_tests': False, 'cmake_args': None, 'cmake_clean_cache': False, 'cmake_clean_first': False, 'cmake_force_configure': False, 'cmake_target': None, 'cmake_target_skip_unavailable': False, 'install_base': '/home/robot/greenline/install/usb_cam_launch_pkg', 'merge_install': False, 'path': '/home/robot/greenline/src/usb_cam_launch_pkg', 'symlink_install': True, 'test_result_base': None}
[0.273s] INFO:colcon.colcon_core.executor:Executing jobs using 'parallel' executor
[0.275s] DEBUG:colcon.colcon_parallel_executor.executor.parallel:run_until_complete
[0.275s] INFO:colcon.colcon_ros.task.ament_python.build:Building ROS package in '/home/robot/greenline/src/alignment' with build type 'ament_python'
[0.275s] Level 1:colcon.colcon_core.shell:create_environment_hook('alignment', 'ament_prefix_path')
[0.277s] INFO:colcon.colcon_core.plugin_system:Skipping extension 'colcon_core.shell.bat': Not used on non-Windows systems
[0.278s] INFO:colcon.colcon_core.shell:Creating environment descriptor '/home/robot/greenline/install/alignment/share/alignment/hook/ament_prefix_path.dsv'
[0.278s] INFO:colcon.colcon_core.shell:Creating environment hook '/home/robot/greenline/install/alignment/share/alignment/hook/ament_prefix_path.sh'
[0.280s] DEBUG:colcon.colcon_core.shell:Skip shell extension 'dsv' for command environment
[0.284s] INFO:colcon.colcon_ros.task.ament_python.build:Building ROS package in '/home/robot/greenline/src/usb_cam_launch_pkg' with build type 'ament_python'
[0.285s] Level 1:colcon.colcon_core.shell:create_environment_hook('usb_cam_launch_pkg', 'ament_prefix_path')
[0.285s] INFO:colcon.colcon_core.shell:Creating environment descriptor '/home/robot/greenline/install/usb_cam_launch_pkg/share/usb_cam_launch_pkg/hook/ament_prefix_path.dsv'
[0.286s] INFO:colcon.colcon_core.shell:Creating environment hook '/home/robot/greenline/install/usb_cam_launch_pkg/share/usb_cam_launch_pkg/hook/ament_prefix_path.sh'
[0.287s] DEBUG:colcon.colcon_core.shell:Skip shell extension 'dsv' for command environment
[0.613s] INFO:colcon.colcon_core.task.python.build:Building Python package in '/home/robot/greenline/src/alignment'
[0.613s] DEBUG:colcon.colcon_core.shell:Skip shell extension 'dsv' for command environment
[0.919s] INFO:colcon.colcon_core.task.python.build:Building Python package in '/home/robot/greenline/src/usb_cam_launch_pkg'
[0.920s] DEBUG:colcon.colcon_core.shell:Skip shell extension 'dsv' for command environment
[1.755s] DEBUG:colcon.colcon_core.event_handler.log_command:Invoking command in '/home/robot/greenline/build/alignment': PYTHONPATH=/home/robot/greenline/build/alignment/prefix_override:/usr/lib/python3/dist-packages/colcon_core/task/python/colcon_distutils_commands:/home/robot/greenline/install/alignment/lib/python3.12/site-packages:${PYTHONPATH} /usr/bin/python3 -W ignore:setup.py install is deprecated setup.py develop --editable --build-directory /home/robot/greenline/build/alignment/build --no-deps symlink_data
[1.825s] DEBUG:colcon.colcon_core.event_handler.log_command:Invoking command in '/home/robot/greenline/build/usb_cam_launch_pkg': PYTHONPATH=/home/robot/greenline/build/usb_cam_launch_pkg/prefix_override:/usr/lib/python3/dist-packages/colcon_core/task/python/colcon_distutils_commands:/home/robot/greenline/install/usb_cam_launch_pkg/lib/python3.12/site-packages:${PYTHONPATH} /usr/bin/python3 -W ignore:setup.py install is deprecated setup.py develop --editable --build-directory /home/robot/greenline/build/usb_cam_launch_pkg/build --no-deps symlink_data
[2.601s] Level 1:colcon.colcon_core.shell:create_environment_hook('alignment', 'pythonpath_develop')
[2.601s] INFO:colcon.colcon_core.shell:Creating environment descriptor '/home/robot/greenline/build/alignment/share/alignment/hook/pythonpath_develop.dsv'
[2.602s] DEBUG:colcon.colcon_core.event_handler.log_command:Invoked command in '/home/robot/greenline/build/alignment' returned '0': PYTHONPATH=/home/robot/greenline/build/alignment/prefix_override:/usr/lib/python3/dist-packages/colcon_core/task/python/colcon_distutils_commands:/home/robot/greenline/install/alignment/lib/python3.12/site-packages:${PYTHONPATH} /usr/bin/python3 -W ignore:setup.py install is deprecated setup.py develop --editable --build-directory /home/robot/greenline/build/alignment/build --no-deps symlink_data
[2.603s] INFO:colcon.colcon_core.shell:Creating environment hook '/home/robot/greenline/build/alignment/share/alignment/hook/pythonpath_develop.sh'
[2.610s] Level 1:colcon.colcon_core.environment:checking '/home/robot/greenline/install/alignment' for CMake module files
[2.620s] Level 1:colcon.colcon_core.environment:checking '/home/robot/greenline/install/alignment' for CMake config files
[2.621s] Level 1:colcon.colcon_core.environment:checking '/home/robot/greenline/install/alignment/lib'
[2.621s] Level 1:colcon.colcon_core.environment:checking '/home/robot/greenline/install/alignment/bin'
[2.622s] Level 1:colcon.colcon_core.environment:checking '/home/robot/greenline/install/alignment/lib/pkgconfig/alignment.pc'
[2.622s] Level 1:colcon.colcon_core.environment:checking '/home/robot/greenline/install/alignment/lib/python3.12/site-packages'
[2.622s] Level 1:colcon.colcon_core.shell:create_environment_hook('alignment', 'pythonpath')
[2.622s] INFO:colcon.colcon_core.shell:Creating environment descriptor '/home/robot/greenline/install/alignment/share/alignment/hook/pythonpath.dsv'
[2.623s] INFO:colcon.colcon_core.shell:Creating environment hook '/home/robot/greenline/install/alignment/share/alignment/hook/pythonpath.sh'
[2.624s] Level 1:colcon.colcon_core.environment:checking '/home/robot/greenline/install/alignment/bin'
[2.624s] Level 1:colcon.colcon_core.environment:create_environment_scripts_only(alignment)
[2.625s] INFO:colcon.colcon_core.shell:Creating package descriptor '/home/robot/greenline/install/alignment/share/alignment/package.dsv'
[2.626s] INFO:colcon.colcon_core.shell:Creating package script '/home/robot/greenline/install/alignment/share/alignment/package.sh'
[2.628s] INFO:colcon.colcon_core.shell:Creating package script '/home/robot/greenline/install/alignment/share/alignment/package.bash'
[2.629s] INFO:colcon.colcon_core.shell:Creating package script '/home/robot/greenline/install/alignment/share/alignment/package.zsh'
[2.631s] Level 1:colcon.colcon_core.environment:create_file_with_runtime_dependencies(/home/robot/greenline/install/alignment/share/colcon-core/packages/alignment)
[2.703s] Level 1:colcon.colcon_core.shell:create_environment_hook('usb_cam_launch_pkg', 'pythonpath_develop')
[2.703s] INFO:colcon.colcon_core.shell:Creating environment descriptor '/home/robot/greenline/build/usb_cam_launch_pkg/share/usb_cam_launch_pkg/hook/pythonpath_develop.dsv'
[2.704s] DEBUG:colcon.colcon_core.event_handler.log_command:Invoked command in '/home/robot/greenline/build/usb_cam_launch_pkg' returned '0': PYTHONPATH=/home/robot/greenline/build/usb_cam_launch_pkg/prefix_override:/usr/lib/python3/dist-packages/colcon_core/task/python/colcon_distutils_commands:/home/robot/greenline/install/usb_cam_launch_pkg/lib/python3.12/site-packages:${PYTHONPATH} /usr/bin/python3 -W ignore:setup.py install is deprecated setup.py develop --editable --build-directory /home/robot/greenline/build/usb_cam_launch_pkg/build --no-deps symlink_data
[2.704s] INFO:colcon.colcon_core.shell:Creating environment hook '/home/robot/greenline/build/usb_cam_launch_pkg/share/usb_cam_launch_pkg/hook/pythonpath_develop.sh'
[2.705s] Level 1:colcon.colcon_core.environment:checking '/home/robot/greenline/install/usb_cam_launch_pkg' for CMake module files
[2.706s] Level 1:colcon.colcon_core.environment:checking '/home/robot/greenline/install/usb_cam_launch_pkg' for CMake config files
[2.706s] Level 1:colcon.colcon_core.environment:checking '/home/robot/greenline/install/usb_cam_launch_pkg/lib'
[2.707s] Level 1:colcon.colcon_core.environment:checking '/home/robot/greenline/install/usb_cam_launch_pkg/bin'
[2.707s] Level 1:colcon.colcon_core.environment:checking '/home/robot/greenline/install/usb_cam_launch_pkg/lib/pkgconfig/usb_cam_launch_pkg.pc'
[2.707s] Level 1:colcon.colcon_core.environment:checking '/home/robot/greenline/install/usb_cam_launch_pkg/lib/python3.12/site-packages'
[2.707s] Level 1:colcon.colcon_core.shell:create_environment_hook('usb_cam_launch_pkg', 'pythonpath')
[2.707s] INFO:colcon.colcon_core.shell:Creating environment descriptor '/home/robot/greenline/install/usb_cam_launch_pkg/share/usb_cam_launch_pkg/hook/pythonpath.dsv'
[2.708s] INFO:colcon.colcon_core.shell:Creating environment hook '/home/robot/greenline/install/usb_cam_launch_pkg/share/usb_cam_launch_pkg/hook/pythonpath.sh'
[2.709s] Level 1:colcon.colcon_core.environment:checking '/home/robot/greenline/install/usb_cam_launch_pkg/bin'
[2.709s] Level 1:colcon.colcon_core.environment:create_environment_scripts_only(usb_cam_launch_pkg)
[2.709s] INFO:colcon.colcon_core.shell:Creating package descriptor '/home/robot/greenline/install/usb_cam_launch_pkg/share/usb_cam_launch_pkg/package.dsv'
[2.710s] INFO:colcon.colcon_core.shell:Creating package script '/home/robot/greenline/install/usb_cam_launch_pkg/share/usb_cam_launch_pkg/package.sh'
[2.711s] INFO:colcon.colcon_core.shell:Creating package script '/home/robot/greenline/install/usb_cam_launch_pkg/share/usb_cam_launch_pkg/package.bash'
[2.711s] INFO:colcon.colcon_core.shell:Creating package script '/home/robot/greenline/install/usb_cam_launch_pkg/share/usb_cam_launch_pkg/package.zsh'
[2.712s] Level 1:colcon.colcon_core.environment:create_file_with_runtime_dependencies(/home/robot/greenline/install/usb_cam_launch_pkg/share/colcon-core/packages/usb_cam_launch_pkg)
[2.713s] DEBUG:colcon.colcon_parallel_executor.executor.parallel:closing loop
[2.713s] DEBUG:colcon.colcon_parallel_executor.executor.parallel:loop closed
[2.714s] DEBUG:colcon.colcon_parallel_executor.executor.parallel:run_until_complete finished with '0'
[2.714s] DEBUG:colcon.colcon_core.event_reactor:joining thread
[2.722s] INFO:colcon.colcon_core.plugin_system:Skipping extension 'colcon_notification.desktop_notification.notify_send': Could not find 'notify-send'
[2.722s] INFO:colcon.colcon_core.plugin_system:Skipping extension 'colcon_notification.desktop_notification.terminal_notifier': Not used on non-Darwin systems
[2.722s] INFO:colcon.colcon_core.plugin_system:Skipping extension 'colcon_notification.desktop_notification.win32': Not used on non-Windows systems
[2.722s] INFO:colcon.colcon_notification.desktop_notification:Sending desktop notification using 'notify2'
[2.723s] DEBUG:colcon.colcon_notification.desktop_notification.notify2:Failed to initialize notify2: org.freedesktop.DBus.Error.ServiceUnknown: The name org.freedesktop.Notifications was not provided by any .service files
[2.723s] DEBUG:colcon.colcon_core.event_reactor:joined thread
[2.723s] INFO:colcon.colcon_core.shell:Creating prefix script '/home/robot/greenline/install/local_setup.sh'
[2.724s] INFO:colcon.colcon_core.shell:Creating prefix util module '/home/robot/greenline/install/_local_setup_util_sh.py'
[2.726s] INFO:colcon.colcon_core.shell:Creating prefix chain script '/home/robot/greenline/install/setup.sh'
[2.727s] INFO:colcon.colcon_core.shell:Creating prefix script '/home/robot/greenline/install/local_setup.bash'
[2.728s] INFO:colcon.colcon_core.shell:Creating prefix chain script '/home/robot/greenline/install/setup.bash'
[2.729s] INFO:colcon.colcon_core.shell:Creating prefix script '/home/robot/greenline/install/local_setup.zsh'
[2.730s] INFO:colcon.colcon_core.shell:Creating prefix chain script '/home/robot/greenline/install/setup.zsh'
