[3.243s] Invoking command in '/home/robot/greenline/build/usb_cam_launch_pkg': PYTHONPATH=/home/robot/greenline/build/usb_cam_launch_pkg/prefix_override:/usr/lib/python3/dist-packages/colcon_core/task/python/colcon_distutils_commands:/home/robot/greenline/install/usb_cam_launch_pkg/lib/python3.12/site-packages:${PYTHONPATH} /usr/bin/python3 -W ignore:setup.py install is deprecated setup.py develop --editable --build-directory /home/robot/greenline/build/usb_cam_launch_pkg/build --no-deps symlink_data
[4.081s] running develop
[4.081s] /usr/lib/python3/dist-packages/setuptools/command/develop.py:40: EasyInstallDeprecationWarning: easy_install command is deprecated.
[4.081s] !!
[4.081s] 
[4.081s]         ********************************************************************************
[4.081s]         Please avoid running ``setup.py`` and ``easy_install``.
[4.081s]         Instead, use pypa/build, pypa/installer or other
[4.081s]         standards-based tools.
[4.082s] 
[4.082s]         See https://github.com/pypa/setuptools/issues/917 for details.
[4.082s]         ********************************************************************************
[4.082s] 
[4.082s] !!
[4.082s]   easy_install.initialize_options(self)
[4.478s] running egg_info
[4.522s] writing usb_cam_launch_pkg.egg-info/PKG-INFO
[4.525s] writing dependency_links to usb_cam_launch_pkg.egg-info/dependency_links.txt
[4.525s] writing requirements to usb_cam_launch_pkg.egg-info/requires.txt
[4.525s] writing top-level names to usb_cam_launch_pkg.egg-info/top_level.txt
[4.674s] reading manifest file 'usb_cam_launch_pkg.egg-info/SOURCES.txt'
[4.680s] writing manifest file 'usb_cam_launch_pkg.egg-info/SOURCES.txt'
[4.729s] running build_ext
[4.730s] Creating /home/robot/greenline/install/usb_cam_launch_pkg/lib/python3.12/site-packages/usb-cam-launch-pkg.egg-link (link to .)
[4.735s] 
[4.735s] Installed /home/robot/greenline/build/usb_cam_launch_pkg
[4.735s] running symlink_data
[4.871s] Invoked command in '/home/robot/greenline/build/usb_cam_launch_pkg' returned '0': PYTHONPATH=/home/robot/greenline/build/usb_cam_launch_pkg/prefix_override:/usr/lib/python3/dist-packages/colcon_core/task/python/colcon_distutils_commands:/home/robot/greenline/install/usb_cam_launch_pkg/lib/python3.12/site-packages:${PYTHONPATH} /usr/bin/python3 -W ignore:setup.py install is deprecated setup.py develop --editable --build-directory /home/robot/greenline/build/usb_cam_launch_pkg/build --no-deps symlink_data
