running develop
/usr/lib/python3/dist-packages/setuptools/command/develop.py:40: EasyInstallDeprecationWarning: easy_install command is deprecated.
!!

        ********************************************************************************
        Please avoid running ``setup.py`` and ``easy_install``.
        Instead, use pypa/build, pypa/installer or other
        standards-based tools.

        See https://github.com/pypa/setuptools/issues/917 for details.
        ********************************************************************************

!!
  easy_install.initialize_options(self)
running egg_info
writing usb_cam_launch_pkg.egg-info/PKG-INFO
writing dependency_links to usb_cam_launch_pkg.egg-info/dependency_links.txt
writing requirements to usb_cam_launch_pkg.egg-info/requires.txt
writing top-level names to usb_cam_launch_pkg.egg-info/top_level.txt
reading manifest file 'usb_cam_launch_pkg.egg-info/SOURCES.txt'
writing manifest file 'usb_cam_launch_pkg.egg-info/SOURCES.txt'
running build_ext
Creating /home/robot/greenline/install/usb_cam_launch_pkg/lib/python3.12/site-packages/usb-cam-launch-pkg.egg-link (link to .)

Installed /home/robot/greenline/build/usb_cam_launch_pkg
running symlink_data
