running develop
running egg_info
creating alignment.egg-info
writing alignment.egg-info/PKG-INFO
writing dependency_links to alignment.egg-info/dependency_links.txt
writing entry points to alignment.egg-info/entry_points.txt
writing requirements to alignment.egg-info/requires.txt
writing top-level names to alignment.egg-info/top_level.txt
writing manifest file 'alignment.egg-info/SOURCES.txt'
reading manifest file 'alignment.egg-info/SOURCES.txt'
writing manifest file 'alignment.egg-info/SOURCES.txt'
running build_ext
Creating /home/elias/git/robotics-minor/install/alignment/lib/python3.12/site-packages/alignment.egg-link (link to .)
Installing is_aligned_node script to /home/elias/git/robotics-minor/install/alignment/lib/alignment
Installing motor_control_node script to /home/elias/git/robotics-minor/install/alignment/lib/alignment
Installing obstacle_detection_node script to /home/elias/git/robotics-minor/install/alignment/lib/alignment

Installed /home/elias/git/robotics-minor/build/alignment
running symlink_data
creating /home/elias/git/robotics-minor/install/alignment/share/ament_index
creating /home/elias/git/robotics-minor/install/alignment/share/ament_index/resource_index
creating /home/elias/git/robotics-minor/install/alignment/share/ament_index/resource_index/packages
symbolically linking /home/elias/git/robotics-minor/build/alignment/resource/alignment -> /home/elias/git/robotics-minor/install/alignment/share/ament_index/resource_index/packages
symbolically linking /home/elias/git/robotics-minor/build/alignment/package.xml -> /home/elias/git/robotics-minor/install/alignment/share/alignment
